TN:
SF:src/presentation/controllers/signupController.ts
FN:10,SignupController
FN:14,handle
FNF:2
FNH:2
FNDA:7,SignupController
FNDA:7,handle
DA:1,1
DA:2,1
DA:3,1
DA:4,1
DA:5,1
DA:6,1
DA:7,1
DA:8,1
DA:9,1
DA:10,1
DA:11,7
DA:12,7
DA:13,1
DA:14,1
DA:15,7
DA:16,7
DA:17,7
DA:18,22
DA:19,4
DA:20,4
DA:21,22
DA:22,3
DA:23,7
DA:24,7
DA:25,1
DA:26,1
DA:27,7
DA:28,1
LF:28
LH:28
BRDA:10,0,0,7
BRDA:14,1,0,7
BRDA:17,2,0,22
BRDA:18,3,0,4
BRDA:22,4,0,3
BRDA:23,5,0,1
BRDA:24,6,0,1
BRF:7
BRH:7
end_of_record
TN:
SF:src/presentation/error/index.ts
FNF:0
FNH:0
DA:1,1
DA:2,1
DA:3,1
LF:3
LH:3
BRF:0
BRH:0
end_of_record
TN:
SF:src/presentation/error/invalid-param-error.ts
FN:2,InvalidParamError
FNF:1
FNH:1
FNDA:2,InvalidParamError
DA:1,1
DA:2,1
DA:3,2
DA:4,2
DA:5,2
DA:6,1
LF:6
LH:6
BRDA:2,0,0,2
BRF:1
BRH:1
end_of_record
TN:
SF:src/presentation/error/missing-param-error.ts
FN:2,MissingParamError
FNF:1
FNH:1
FNDA:8,MissingParamError
DA:1,1
DA:2,1
DA:3,8
DA:4,8
DA:5,8
DA:6,1
LF:6
LH:6
BRDA:2,0,0,8
BRF:1
BRH:1
end_of_record
TN:
SF:src/presentation/error/server-error.ts
FN:2,ServerError
FNF:1
FNH:1
FNDA:2,ServerError
DA:1,1
DA:2,1
DA:3,2
DA:4,2
DA:5,2
DA:6,1
LF:6
LH:6
BRDA:2,0,0,2
BRF:1
BRH:1
end_of_record
TN:
SF:src/presentation/helpers/http-helper.ts
FN:4,badRequest
FN:9,serverError
FNF:2
FNH:2
FNDA:5,badRequest
FNDA:1,serverError
DA:1,1
DA:2,1
DA:3,1
DA:4,1
DA:5,5
DA:6,5
DA:7,5
DA:8,1
DA:9,1
DA:10,1
DA:11,1
DA:12,1
LF:12
LH:12
BRDA:4,0,0,5
BRDA:9,1,0,1
BRF:2
BRH:2
end_of_record
TN:
SF:src/presentation/protocols/controller.ts
FN:1,(empty-report)
FNF:1
FNH:0
FNDA:0,(empty-report)
DA:1,0
DA:2,0
DA:3,0
DA:4,0
DA:5,0
LF:5
LH:0
BRDA:1,0,0,0
BRF:1
BRH:0
end_of_record
TN:
SF:src/presentation/protocols/email-validator.ts
FN:1,(empty-report)
FNF:1
FNH:0
FNDA:0,(empty-report)
DA:1,0
DA:2,0
DA:3,0
LF:3
LH:0
BRDA:1,0,0,0
BRF:1
BRH:0
end_of_record
TN:
SF:src/presentation/protocols/http.ts
FN:1,(empty-report)
FNF:1
FNH:0
FNDA:0,(empty-report)
DA:1,0
DA:2,0
DA:3,0
DA:4,0
DA:5,0
DA:6,0
DA:7,0
DA:8,0
LF:8
LH:0
BRDA:1,0,0,0
BRF:1
BRH:0
end_of_record
TN:
SF:src/presentation/protocols/index.ts
FN:1,(empty-report)
FNF:1
FNH:0
FNDA:0,(empty-report)
DA:1,0
DA:2,0
DA:3,0
LF:3
LH:0
BRDA:1,0,0,0
BRF:1
BRH:0
end_of_record
